<?xml version="1.0" encoding="UTF-8"?>
<!-- Generated by org.testng.reporters.JUnitReportReporter -->
<testsuite hostname="LAPTOP-BOP5U79R" name="cyb.ttp.lab2.Test_0" tests="3" failures="0" timestamp="2 Nov 2021 11:35:25 GMT" time="0.023" errors="0">
  <testcase name="test_0_0_open" time="0.019" classname="cyb.ttp.lab2.Test_0"/>
  <testcase name="test_0_0_open" time="0.003" classname="cyb.ttp.lab2.Test_0"/>
  <testcase name="test_0_0_open" time="0.001" classname="cyb.ttp.lab2.Test_0"/>
</testsuite> <!-- cyb.ttp.lab2.Test_0 -->
